ERROR 2018-09-12 10:42:56,013 exceptions 28 [<apps.config.views.MagicContentViewSet object at 0x7f8c61faf908>] (1048, "Column 'category_id' cannot be null")
ERROR 2018-09-12 10:44:21,345 exceptions 28 [<apps.config.views.MagicContentViewSet object at 0x7f8c61fa49b0>] (1048, "Column 'category_id' cannot be null")
ERROR 2018-09-12 10:45:34,894 exceptions 28 [<apps.config.views.MagicContentViewSet object at 0x7f8c61fe8f98>] (1048, "Column 'category_id' cannot be null")
ERROR 2018-09-12 10:45:53,912 exceptions 28 [<apps.config.views.MagicContentViewSet object at 0x7f8c61fd7470>] (1048, "Column 'category_id' cannot be null")
ERROR 2018-09-12 10:47:29,164 exceptions 28 [<apps.config.views.MagicContentViewSet object at 0x7f8c61fcdf98>] (1048, "Column 'category_id' cannot be null")
ERROR 2018-09-12 10:53:09,417 exceptions 28 [<apps.config.views.MagicContentViewSet object at 0x7f8c614a17f0>] (1048, "Column 'category_id' cannot be null")
ERROR 2018-09-12 10:54:40,183 exceptions 28 [<apps.config.views.MagicContentViewSet object at 0x7f0220de72e8>] (1048, "Column 'category_id' cannot be null")
ERROR 2018-09-12 11:00:27,468 exceptions 28 [<apps.config.views.MagicContentViewSet object at 0x7fed9c1be198>] (1048, "Column 'category_id' cannot be null")
ERROR 2018-09-12 11:04:21,463 exceptions 28 [<apps.config.views.MagicContentViewSet object at 0x7fed9c1d8198>] (1048, "Column 'category_id' cannot be null")
ERROR 2018-09-12 11:06:31,235 exceptions 28 [<apps.config.views.MagicContentViewSet object at 0x7fed9c43bf98>] (1048, "Column 'category_id' cannot be null")
ERROR 2018-09-12 11:06:54,453 exceptions 28 [<apps.config.views.MagicContentViewSet object at 0x7fed9c4361d0>] (1048, "Column 'category_id' cannot be null")
ERROR 2018-09-12 11:10:15,202 exceptions 28 [<apps.config.views.MagicContentViewSet object at 0x7f38e33a3710>] (1048, "Column 'category_id' cannot be null")
ERROR 2018-09-12 11:14:07,876 exceptions 28 [<apps.config.views.MagicContentViewSet object at 0x7f392094b438>] (1048, "Column 'category_id' cannot be null")
ERROR 2018-09-12 11:21:56,943 exceptions 28 [<apps.config.views.MagicContentViewSet object at 0x7f392094b4a8>] (1048, "Column 'category_id' cannot be null")
ERROR 2018-09-12 11:23:20,258 exceptions 28 [<apps.config.views.MagicContentViewSet object at 0x7f1bcdb89320>] (1048, "Column 'category_id' cannot be null")
ERROR 2018-09-12 11:27:14,926 exceptions 28 [<apps.config.views.MagicContentViewSet object at 0x7f040c2fc5f8>] (1048, "Column 'category_id' cannot be null")
ERROR 2018-09-12 11:32:31,890 exceptions 28 [<apps.config.views.MagicContentViewSet object at 0x7fd589320438>] (1048, "Column 'category_id' cannot be null")
ERROR 2018-09-12 11:42:02,556 exceptions 28 [<apps.config.views.MagicContentViewSet object at 0x7fdfb8ab1160>] (1048, "Column 'category_id' cannot be null")
ERROR 2018-09-12 11:43:30,390 exceptions 28 [<apps.config.views.MagicContentViewSet object at 0x7fe0789de0f0>] (1048, "Column 'category_id' cannot be null")
ERROR 2018-09-12 11:44:14,960 exceptions 28 [<apps.config.views.MagicContentViewSet object at 0x7f6f795bd160>] (1048, "Column 'category_id' cannot be null")
ERROR 2018-09-12 11:46:19,107 exceptions 28 [<apps.config.views.MagicContentViewSet object at 0x7f56e7a019b0>] (1048, "Column 'category_id' cannot be null")
ERROR 2018-09-12 11:46:38,216 exceptions 28 [<apps.config.views.MagicContentViewSet object at 0x7f56e6f66fd0>] (1048, "Column 'category_id' cannot be null")
ERROR 2018-09-12 11:50:02,434 exceptions 28 [<apps.config.views.MagicContentViewSet object at 0x7f41d339e9b0>] (1048, "Column 'category_id' cannot be null")
ERROR 2018-09-12 13:56:56,817 exceptions 28 [<apps.config.views.MagicContentViewSet object at 0x7fc7ffd6f470>] (1048, "Column 'category_id' cannot be null")
ERROR 2018-09-17 14:13:22,526 exceptions 28 [<apps.order.views.views_back.AllOrderInfoViewsets object at 0x7fd9080fdcf8>] (1054, "Unknown column 'm_order_info.Courier_company' in 'field list'")
ERROR 2018-10-08 14:28:46,690 exceptions 28 [<apps.scheme.views.views_front.NewSchemeViewSet object at 0x7f62143dfe80>] (1048, "Column 'scheme_user_id' cannot be null")
ERROR 2018-10-11 15:49:04,815 exceptions 28 [<apps.config.views.FileStorageViewSet object at 0x7f62793acd30>] (1054, "Unknown column 'files' in 'field list'")
ERROR 2018-10-11 15:53:03,025 exceptions 28 [<apps.config.views.FileStorageViewSet object at 0x7f627893f710>] (1054, "Unknown column 'files' in 'field list'")
ERROR 2018-10-11 16:03:35,973 exceptions 28 [<apps.config.views.FileStorageViewSet object at 0x7fcaac382320>] (1054, "Unknown column 'files' in 'field list'")
ERROR 2018-10-12 13:44:53,889 exceptions 28 [<apps.scheme.views.views_front.NewSchemeViewSet object at 0x7f49b09f4ac8>] (1062, "Duplicate entry '57' for key 'PRIMARY'")
ERROR 2018-10-12 13:46:28,878 exceptions 28 [<apps.scheme.views.views_front.NewSchemeViewSet object at 0x7fc22b9ae550>] (1062, "Duplicate entry '57' for key 'PRIMARY'")
ERROR 2018-10-12 13:49:02,355 exceptions 28 [<apps.scheme.views.views_front.NewSchemeViewSet object at 0x7f4360363518>] (1062, "Duplicate entry '57' for key 'PRIMARY'")
ERROR 2018-10-12 13:49:42,557 exceptions 28 [<apps.scheme.views.views_front.NewSchemeViewSet object at 0x7fe9e41f1f60>] (1062, "Duplicate entry '57' for key 'PRIMARY'")
ERROR 2018-10-12 13:50:03,382 exceptions 28 [<apps.scheme.views.views_front.NewSchemeViewSet object at 0x7fe9e41b7828>] (1062, "Duplicate entry '57' for key 'PRIMARY'")
ERROR 2018-10-12 13:50:49,775 exceptions 28 [<apps.scheme.views.views_front.NewSchemeViewSet object at 0x7fe9e41652e8>] (1062, "Duplicate entry '57' for key 'PRIMARY'")
ERROR 2018-10-12 13:53:13,950 exceptions 28 [<apps.scheme.views.views_front.NewSchemeViewSet object at 0x7fbd2b6e7550>] (1062, "Duplicate entry '57' for key 'PRIMARY'")
ERROR 2018-10-12 15:42:44,371 exceptions 28 [<apps.scheme.views.views_front.NewSchemeViewSet object at 0x7fa3382d4550>] (1451, 'Cannot delete or update a parent row: a foreign key constraint fails (`magic1`.`m_scheme_electron`, CONSTRAINT `m_scheme_electron_scheme_id_ce9dc27f_fk_m_scheme_id` FOREIGN KEY (`scheme_id`) REFERENCES `m_scheme` (`id`))')
ERROR 2018-10-12 15:42:58,986 exceptions 28 [<apps.scheme.views.views_front.NewSchemeViewSet object at 0x7fa338241a58>] (1451, 'Cannot delete or update a parent row: a foreign key constraint fails (`magic1`.`m_scheme_electron`, CONSTRAINT `m_scheme_electron_scheme_id_ce9dc27f_fk_m_scheme_id` FOREIGN KEY (`scheme_id`) REFERENCES `m_scheme` (`id`))')
ERROR 2018-10-12 15:43:58,271 exceptions 28 [<apps.scheme.views.views_front.NewSchemeViewSet object at 0x7fa33854a160>] (1451, 'Cannot delete or update a parent row: a foreign key constraint fails (`magic1`.`m_scheme_electron`, CONSTRAINT `m_scheme_electron_scheme_id_ce9dc27f_fk_m_scheme_id` FOREIGN KEY (`scheme_id`) REFERENCES `m_scheme` (`id`))')
ERROR 2018-10-12 15:45:43,384 exceptions 28 [<apps.scheme.views.views_front.NewSchemeViewSet object at 0x7fa338579ef0>] (1451, 'Cannot delete or update a parent row: a foreign key constraint fails (`magic1`.`m_scheme_electron`, CONSTRAINT `m_scheme_electron_scheme_id_ce9dc27f_fk_m_scheme_id` FOREIGN KEY (`scheme_id`) REFERENCES `m_scheme` (`id`))')
ERROR 2018-10-12 15:48:15,927 exceptions 28 [<apps.scheme.views.views_front.NewSchemeViewSet object at 0x7fa3331c6b70>] (1451, 'Cannot delete or update a parent row: a foreign key constraint fails (`magic1`.`m_scheme_electron`, CONSTRAINT `m_scheme_electron_scheme_id_ce9dc27f_fk_m_scheme_id` FOREIGN KEY (`scheme_id`) REFERENCES `m_scheme` (`id`))')
ERROR 2018-10-12 15:51:54,399 exceptions 28 [<apps.scheme.views.views_front.NewSchemeViewSet object at 0x7fa333175208>] (1451, 'Cannot delete or update a parent row: a foreign key constraint fails (`magic1`.`m_scheme_electron`, CONSTRAINT `m_scheme_electron_scheme_id_ce9dc27f_fk_m_scheme_id` FOREIGN KEY (`scheme_id`) REFERENCES `m_scheme` (`id`))')
ERROR 2018-10-12 16:05:06,736 exceptions 28 [<apps.scheme.views.views_front.NewSchemeViewSet object at 0x7fe31f620898>] (1451, 'Cannot delete or update a parent row: a foreign key constraint fails (`magic1`.`m_scheme_electron`, CONSTRAINT `m_scheme_electron_scheme_id_ce9dc27f_fk_m_scheme_id` FOREIGN KEY (`scheme_id`) REFERENCES `m_scheme` (`id`))')
ERROR 2018-10-12 16:05:30,468 exceptions 28 [<apps.scheme.views.views_front.NewSchemeViewSet object at 0x7fe31d865a58>] (1451, 'Cannot delete or update a parent row: a foreign key constraint fails (`magic1`.`m_scheme_electron`, CONSTRAINT `m_scheme_electron_scheme_id_ce9dc27f_fk_m_scheme_id` FOREIGN KEY (`scheme_id`) REFERENCES `m_scheme` (`id`))')
ERROR 2018-10-12 16:07:05,253 exceptions 28 [<apps.scheme.views.views_front.NewSchemeViewSet object at 0x7f0eb2c284e0>] (1451, 'Cannot delete or update a parent row: a foreign key constraint fails (`magic1`.`m_scheme_electron`, CONSTRAINT `m_scheme_electron_scheme_id_ce9dc27f_fk_m_scheme_id` FOREIGN KEY (`scheme_id`) REFERENCES `m_scheme` (`id`))')
ERROR 2018-10-12 16:08:20,087 exceptions 28 [<apps.scheme.views.views_front.NewSchemeViewSet object at 0x7f0eb2156780>] (1451, 'Cannot delete or update a parent row: a foreign key constraint fails (`magic1`.`m_scheme_electron`, CONSTRAINT `m_scheme_electron_scheme_id_ce9dc27f_fk_m_scheme_id` FOREIGN KEY (`scheme_id`) REFERENCES `m_scheme` (`id`))')
ERROR 2018-10-12 16:09:14,278 exceptions 28 [<apps.scheme.views.views_front.NewSchemeViewSet object at 0x7f0eb2151ef0>] (1451, 'Cannot delete or update a parent row: a foreign key constraint fails (`magic1`.`m_scheme_electron`, CONSTRAINT `m_scheme_electron_scheme_id_ce9dc27f_fk_m_scheme_id` FOREIGN KEY (`scheme_id`) REFERENCES `m_scheme` (`id`))')
ERROR 2018-10-12 16:14:38,393 exceptions 28 [<apps.scheme.views.views_front.NewSchemeViewSet object at 0x7f0eb1f09208>] (1451, 'Cannot delete or update a parent row: a foreign key constraint fails (`magic1`.`m_scheme_electron`, CONSTRAINT `m_scheme_electron_scheme_id_ce9dc27f_fk_m_scheme_id` FOREIGN KEY (`scheme_id`) REFERENCES `m_scheme` (`id`))')
ERROR 2018-10-12 16:17:08,919 exceptions 28 [<apps.scheme.views.views_front.NewSchemeViewSet object at 0x7fe266cf6860>] (1451, 'Cannot delete or update a parent row: a foreign key constraint fails (`magic1`.`m_scheme_electron`, CONSTRAINT `m_scheme_electron_scheme_id_ce9dc27f_fk_m_scheme_id` FOREIGN KEY (`scheme_id`) REFERENCES `m_scheme` (`id`))')
ERROR 2018-10-12 16:17:26,382 exceptions 28 [<apps.scheme.views.views_front.NewSchemeViewSet object at 0x7fe26625b4a8>] (1451, 'Cannot delete or update a parent row: a foreign key constraint fails (`magic1`.`m_scheme_electron`, CONSTRAINT `m_scheme_electron_scheme_id_ce9dc27f_fk_m_scheme_id` FOREIGN KEY (`scheme_id`) REFERENCES `m_scheme` (`id`))')
ERROR 2018-10-12 16:17:33,655 exceptions 28 [<apps.scheme.views.views_front.NewSchemeViewSet object at 0x7fe265ffc5c0>] (1451, 'Cannot delete or update a parent row: a foreign key constraint fails (`magic1`.`m_scheme_electron`, CONSTRAINT `m_scheme_electron_scheme_id_ce9dc27f_fk_m_scheme_id` FOREIGN KEY (`scheme_id`) REFERENCES `m_scheme` (`id`))')
ERROR 2018-10-12 16:18:27,940 exceptions 28 [<apps.scheme.views.views_front.NewSchemeViewSet object at 0x7f1100dcdfd0>] (1451, 'Cannot delete or update a parent row: a foreign key constraint fails (`magic1`.`m_scheme_electron`, CONSTRAINT `m_scheme_electron_scheme_id_ce9dc27f_fk_m_scheme_id` FOREIGN KEY (`scheme_id`) REFERENCES `m_scheme` (`id`))')
ERROR 2018-10-12 16:19:01,073 exceptions 28 [<apps.scheme.views.views_front.NewSchemeViewSet object at 0x7efd22a9fd30>] (1451, 'Cannot delete or update a parent row: a foreign key constraint fails (`magic1`.`m_scheme_electron`, CONSTRAINT `m_scheme_electron_scheme_id_ce9dc27f_fk_m_scheme_id` FOREIGN KEY (`scheme_id`) REFERENCES `m_scheme` (`id`))')
ERROR 2018-10-12 16:19:12,798 exceptions 28 [<apps.scheme.views.views_front.NewSchemeViewSet object at 0x7efd21726eb8>] (1451, 'Cannot delete or update a parent row: a foreign key constraint fails (`magic1`.`m_scheme_electron`, CONSTRAINT `m_scheme_electron_scheme_id_ce9dc27f_fk_m_scheme_id` FOREIGN KEY (`scheme_id`) REFERENCES `m_scheme` (`id`))')
ERROR 2018-10-12 16:19:35,876 exceptions 28 [<apps.scheme.views.views_front.NewSchemeViewSet object at 0x7f78a00b07f0>] (1451, 'Cannot delete or update a parent row: a foreign key constraint fails (`magic1`.`m_scheme_electron`, CONSTRAINT `m_scheme_electron_scheme_id_ce9dc27f_fk_m_scheme_id` FOREIGN KEY (`scheme_id`) REFERENCES `m_scheme` (`id`))')
ERROR 2018-10-12 16:24:50,214 exceptions 28 [<apps.scheme.views.views_front.NewSchemeViewSet object at 0x7f789a17d390>] (1451, 'Cannot delete or update a parent row: a foreign key constraint fails (`magic1`.`m_scheme_electron`, CONSTRAINT `m_scheme_electron_scheme_id_ce9dc27f_fk_m_scheme_id` FOREIGN KEY (`scheme_id`) REFERENCES `m_scheme` (`id`))')
ERROR 2018-10-12 16:25:37,558 exceptions 28 [<apps.scheme.views.views_front.NewSchemeViewSet object at 0x7f789a14f438>] (1451, 'Cannot delete or update a parent row: a foreign key constraint fails (`magic1`.`m_scheme_electron`, CONSTRAINT `m_scheme_electron_scheme_id_ce9dc27f_fk_m_scheme_id` FOREIGN KEY (`scheme_id`) REFERENCES `m_scheme` (`id`))')
ERROR 2018-10-12 16:26:42,747 exceptions 28 [<apps.scheme.views.views_front.NewSchemeViewSet object at 0x7f789a17ed30>] (1451, 'Cannot delete or update a parent row: a foreign key constraint fails (`magic1`.`m_scheme_electron`, CONSTRAINT `m_scheme_electron_scheme_id_ce9dc27f_fk_m_scheme_id` FOREIGN KEY (`scheme_id`) REFERENCES `m_scheme` (`id`))')
ERROR 2018-10-12 16:27:40,883 exceptions 28 [<apps.scheme.views.views_front.NewSchemeViewSet object at 0x7f4dc060dcc0>] (1451, 'Cannot delete or update a parent row: a foreign key constraint fails (`magic1`.`m_scheme_electron`, CONSTRAINT `m_scheme_electron_scheme_id_ce9dc27f_fk_m_scheme_id` FOREIGN KEY (`scheme_id`) REFERENCES `m_scheme` (`id`))')
ERROR 2018-10-12 16:29:09,090 exceptions 28 [<apps.scheme.views.views_front.NewSchemeViewSet object at 0x7f4dc060d908>] (1451, 'Cannot delete or update a parent row: a foreign key constraint fails (`magic1`.`m_scheme_electron`, CONSTRAINT `m_scheme_electron_scheme_id_ce9dc27f_fk_m_scheme_id` FOREIGN KEY (`scheme_id`) REFERENCES `m_scheme` (`id`))')
ERROR 2018-10-12 16:31:05,139 exceptions 28 [<apps.scheme.views.views_front.NewSchemeViewSet object at 0x7f0016682898>] (1451, 'Cannot delete or update a parent row: a foreign key constraint fails (`magic1`.`m_scheme_electron`, CONSTRAINT `m_scheme_electron_scheme_id_ce9dc27f_fk_m_scheme_id` FOREIGN KEY (`scheme_id`) REFERENCES `m_scheme` (`id`))')
ERROR 2018-10-12 16:31:21,659 exceptions 28 [<apps.scheme.views.views_front.NewSchemeViewSet object at 0x7f772ba68898>] (1451, 'Cannot delete or update a parent row: a foreign key constraint fails (`magic1`.`m_scheme_electron`, CONSTRAINT `m_scheme_electron_scheme_id_ce9dc27f_fk_m_scheme_id` FOREIGN KEY (`scheme_id`) REFERENCES `m_scheme` (`id`))')
ERROR 2018-10-12 16:34:35,506 exceptions 28 [<apps.scheme.views.views_front.NewSchemeViewSet object at 0x7fc9cb0c10b8>] (1451, 'Cannot delete or update a parent row: a foreign key constraint fails (`magic1`.`m_scheme_electron`, CONSTRAINT `m_scheme_electron_scheme_id_ce9dc27f_fk_m_scheme_id` FOREIGN KEY (`scheme_id`) REFERENCES `m_scheme` (`id`))')
ERROR 2018-10-12 16:39:57,772 exceptions 28 [<apps.scheme.views.views_front.NewSchemeViewSet object at 0x7f5764c7b978>] (1451, 'Cannot delete or update a parent row: a foreign key constraint fails (`magic1`.`m_scheme_electron`, CONSTRAINT `m_scheme_electron_scheme_id_ce9dc27f_fk_m_scheme_id` FOREIGN KEY (`scheme_id`) REFERENCES `m_scheme` (`id`))')
ERROR 2018-10-12 16:41:57,027 exceptions 28 [<apps.scheme.views.views_front.NewSchemeViewSet object at 0x7f51222fee48>] (1451, 'Cannot delete or update a parent row: a foreign key constraint fails (`magic1`.`m_scheme_electron`, CONSTRAINT `m_scheme_electron_scheme_id_ce9dc27f_fk_m_scheme_id` FOREIGN KEY (`scheme_id`) REFERENCES `m_scheme` (`id`))')
ERROR 2018-10-15 11:44:01,480 exceptions 28 [<apps.scheme.views.views_front.NewSchemeViewSet object at 0x7fdca0e66eb8>] (1062, "Duplicate entry '1' for key 'PRIMARY'")
ERROR 2018-10-16 10:22:12,161 exceptions 28 [<apps.users.views.views_front.UserAddressViewSet object at 0x7fef0ffe1908>] ("Cannot delete some instances of model 'Address' because they are referenced through a protected foreign key: 'OrderInfo.address'", <QuerySet [<OrderInfo: OrderInfo object (1)>, <OrderInfo: OrderInfo object (3)>, <OrderInfo: OrderInfo object (4)>, <OrderInfo: OrderInfo object (5)>]>)
ERROR 2018-10-16 10:22:17,600 exceptions 28 [<apps.users.views.views_front.UserAddressViewSet object at 0x7fef0ffdecc0>] ("Cannot delete some instances of model 'Address' because they are referenced through a protected foreign key: 'OrderInfo.address'", <QuerySet [<OrderInfo: OrderInfo object (1)>, <OrderInfo: OrderInfo object (3)>, <OrderInfo: OrderInfo object (4)>, <OrderInfo: OrderInfo object (5)>]>)
ERROR 2018-10-16 10:22:36,878 exceptions 28 [<apps.users.views.views_front.UserAddressViewSet object at 0x7fef0ffc1a20>] ("Cannot delete some instances of model 'Address' because they are referenced through a protected foreign key: 'OrderInfo.address'", <QuerySet [<OrderInfo: OrderInfo object (1)>, <OrderInfo: OrderInfo object (3)>, <OrderInfo: OrderInfo object (4)>, <OrderInfo: OrderInfo object (5)>]>)
ERROR 2018-10-16 10:26:35,840 exceptions 28 [<apps.users.views.views_front.UserAddressViewSet object at 0x7fef0f69fe80>] ("Cannot delete some instances of model 'Address' because they are referenced through a protected foreign key: 'OrderInfo.address'", <QuerySet [<OrderInfo: OrderInfo object (1)>, <OrderInfo: OrderInfo object (3)>, <OrderInfo: OrderInfo object (4)>, <OrderInfo: OrderInfo object (5)>]>)
ERROR 2018-10-16 10:27:27,881 exceptions 28 [<apps.users.views.views_front.UserAddressViewSet object at 0x7fd871c6f208>] ("Cannot delete some instances of model 'Address' because they are referenced through a protected foreign key: 'OrderInfo.address'", <QuerySet [<OrderInfo: OrderInfo object (1)>, <OrderInfo: OrderInfo object (3)>, <OrderInfo: OrderInfo object (4)>, <OrderInfo: OrderInfo object (5)>]>)
ERROR 2018-10-16 13:15:24,585 exceptions 28 [<apps.order.views.views_front.OrderSettlementView object at 0x7f089dc33080>] WRONGTYPE Operation against a key holding the wrong kind of value
ERROR 2018-10-16 13:19:45,907 exceptions 28 [<apps.order.views.views_front.OrderSettlementView object at 0x7f65ac8abbe0>] WRONGTYPE Operation against a key holding the wrong kind of value
ERROR 2018-10-18 10:56:20,195 exceptions 28 [<apps.order.views.views_front.SaveOrderView object at 0x7f6f0c487dd8>] Command # 1 (HDEL cart_3) of pipeline caused error: wrong number of arguments for 'hdel' command
ERROR 2018-10-18 10:57:07,160 exceptions 28 [<apps.order.views.views_front.SaveOrderView object at 0x7f6f0c4baf98>] Command # 1 (HDEL cart_3) of pipeline caused error: wrong number of arguments for 'hdel' command
ERROR 2018-10-22 16:22:09,379 exceptions 28 [<apps.order.views.views_front.OrderSettlementView object at 0x7f36b8cc62e8>] (1054, "Unknown column 'm_freight_carrier.create_at' in 'field list'")
ERROR 2018-10-23 10:13:54,036 exceptions 28 [<apps.order.views.views_front.OrderSettlementView object at 0x7f0f9c0af1d0>] (1054, "Unknown column 'm_freight_carrier.create_at' in 'field list'")
ERROR 2018-10-23 10:14:05,534 exceptions 28 [<apps.order.views.views_front.OrderSettlementView object at 0x7fa6fa445048>] (1054, "Unknown column 'm_freight_carrier.create_at' in 'field list'")
ERROR 2018-10-23 10:14:11,382 exceptions 28 [<apps.order.views.views_front.OrderSettlementView object at 0x7fa6fa4517f0>] (1054, "Unknown column 'm_freight_carrier.create_at' in 'field list'")
ERROR 2018-10-23 10:14:30,091 exceptions 28 [<apps.order.views.views_front.OrderSettlementView object at 0x7fa6f91f96a0>] (1054, "Unknown column 'm_freight_carrier.create_at' in 'field list'")
ERROR 2018-10-24 15:51:52,232 exceptions 28 [<apps.config.views.FreightViewSet object at 0x7f95f5f1cef0>] (1054, "Unknown column 'm_freight_carrier.create_at' in 'field list'")
ERROR 2018-10-24 15:54:41,546 exceptions 28 [<apps.config.views.FreightViewSet object at 0x7f95f5f2b160>] (1054, "Unknown column 'm_freight_carrier.create_at' in 'field list'")
ERROR 2018-10-24 18:00:48,795 exceptions 28 [<apps.order.views.views_front.OrderSettlementView object at 0x7f0a1eef69e8>] (1054, "Unknown column 'm_freight_carrier.create_at' in 'field list'")
ERROR 2018-10-24 18:00:57,042 exceptions 28 [<apps.order.views.views_front.OrderSettlementView object at 0x7f0a1ef13ac8>] (1054, "Unknown column 'm_freight_carrier.create_at' in 'field list'")
ERROR 2018-10-24 18:15:01,631 exceptions 28 [<apps.order.views.views_front.OrderSettlementView object at 0x7f490f87c898>] (1054, "Unknown column 'm_freight_carrier.create_at' in 'field list'")
ERROR 2018-10-24 18:18:01,845 exceptions 28 [<apps.order.views.views_front.OrderSettlementView object at 0x7f490f770c18>] (1054, "Unknown column 'm_freight_carrier.create_at' in 'field list'")
ERROR 2018-11-16 16:30:59,251 exceptions 28 [<apps.config.views.GetSearchCount object at 0x7f5390eb5ef0>] WRONGTYPE Operation against a key holding the wrong kind of value
ERROR 2018-11-16 16:31:02,495 exceptions 28 [<apps.config.views.GetSearchCount object at 0x7f5390c57940>] WRONGTYPE Operation against a key holding the wrong kind of value
